[07Jul2025 00:00:04.049] [Server thread/ERROR] [KubeJS Server/]: rightclicks.js#4: Error in 'ItemEvents.rightClicked': dev.latvian.mods.rhino.EcmaError: TypeError: Cannot call method "includes" of undefined
[07Jul2025 00:00:20.611] [Server thread/INFO] [journeymap/]: ElJimmyy teleported to 3093.0 87.0 -1364.0 minecraft:overworld
[07Jul2025 00:00:42.896] [Server thread/INFO] [journeymap/]: ElJimmyy teleported to 3141.0 109.0 -1486.0 minecraft:overworld
[07Jul2025 00:00:48.323] [Server thread/ERROR] [KubeJS Server/]: rightclicks.js#4: Error in 'ItemEvents.rightClicked': dev.latvian.mods.rhino.EcmaError: TypeError: Cannot call method "includes" of undefined
[07Jul2025 00:00:50.207] [Server thread/ERROR] [KubeJS Server/]: rightclicks.js#4: Error in 'ItemEvents.rightClicked': dev.latvian.mods.rhino.EcmaError: TypeError: Cannot call method "includes" of undefined
[07Jul2025 00:01:41.813] [Server thread/INFO] [journeymap/]: ElJimmyy teleported to 3177.0 104.0 -1473.0 minecraft:overworld
[07Jul2025 00:01:54.147] [Server thread/INFO] [journeymap/]: ElJimmyy teleported to 2779.0 144.0 -1405.0 minecraft:overworld
[07Jul2025 00:02:59.881] [Worker-Main-4/WARN] [net.minecraft.server.level.WorldGenRegion/]: Tried to access a block entity before it was created. BlockPos{x=2643, y=-51, z=-1745}
[07Jul2025 00:03:30.247] [Server thread/INFO] [net.minecraft.server.MinecraftServer/]: ElJimmyy has made the advancement [Ice Bucket Challenge]
[07Jul2025 00:03:41.957] [Server thread/ERROR] [KubeJS Server/]: rightclicks.js#4: Error in 'ItemEvents.rightClicked': dev.latvian.mods.rhino.EcmaError: TypeError: Cannot call method "includes" of undefined
[07Jul2025 00:03:43.801] [Server thread/ERROR] [KubeJS Server/]: rightclicks.js#4: Error in 'ItemEvents.rightClicked': dev.latvian.mods.rhino.EcmaError: TypeError: Cannot call method "includes" of undefined
[07Jul2025 00:03:45.571] [Server thread/ERROR] [KubeJS Server/]: rightclicks.js#4: Error in 'ItemEvents.rightClicked': dev.latvian.mods.rhino.EcmaError: TypeError: Cannot call method "includes" of undefined
[07Jul2025 00:03:45.755] [Server thread/ERROR] [KubeJS Server/]: rightclicks.js#4: Error in 'ItemEvents.rightClicked': dev.latvian.mods.rhino.EcmaError: TypeError: Cannot call method "includes" of undefined
[07Jul2025 00:04:17.302] [Server thread/ERROR] [KubeJS Server/]: rightclicks.js#4: Error in 'ItemEvents.rightClicked': dev.latvian.mods.rhino.EcmaError: TypeError: Cannot call method "includes" of undefined
[07Jul2025 00:04:18.302] [Server thread/ERROR] [KubeJS Server/]: rightclicks.js#4: Error in 'ItemEvents.rightClicked': dev.latvian.mods.rhino.EcmaError: TypeError: Cannot call method "includes" of undefined
[07Jul2025 00:04:18.497] [Server thread/ERROR] [KubeJS Server/]: rightclicks.js#4: Error in 'ItemEvents.rightClicked': dev.latvian.mods.rhino.EcmaError: TypeError: Cannot call method "includes" of undefined
[07Jul2025 00:04:20.107] [Server thread/ERROR] [KubeJS Server/]: rightclicks.js#4: Error in 'ItemEvents.rightClicked': dev.latvian.mods.rhino.EcmaError: TypeError: Cannot call method "includes" of undefined
[07Jul2025 00:04:20.298] [Server thread/ERROR] [KubeJS Server/]: rightclicks.js#4: Error in 'ItemEvents.rightClicked': dev.latvian.mods.rhino.EcmaError: TypeError: Cannot call method "includes" of undefined
[07Jul2025 00:04:21.997] [Server thread/ERROR] [KubeJS Server/]: rightclicks.js#4: Error in 'ItemEvents.rightClicked': dev.latvian.mods.rhino.EcmaError: TypeError: Cannot call method "includes" of undefined
[07Jul2025 00:04:22.200] [Server thread/ERROR] [KubeJS Server/]: rightclicks.js#4: Error in 'ItemEvents.rightClicked': dev.latvian.mods.rhino.EcmaError: TypeError: Cannot call method "includes" of undefined
[07Jul2025 00:04:24.154] [Server thread/ERROR] [KubeJS Server/]: rightclicks.js#4: Error in 'ItemEvents.rightClicked': dev.latvian.mods.rhino.EcmaError: TypeError: Cannot call method "includes" of undefined
[07Jul2025 00:04:27.195] [Server thread/ERROR] [KubeJS Server/]: rightclicks.js#4: Error in 'ItemEvents.rightClicked': dev.latvian.mods.rhino.EcmaError: TypeError: Cannot call method "includes" of undefined
[07Jul2025 00:04:27.598] [Server thread/ERROR] [KubeJS Server/]: rightclicks.js#4: Error in 'ItemEvents.rightClicked': dev.latvian.mods.rhino.EcmaError: TypeError: Cannot call method "includes" of undefined
[07Jul2025 00:04:29.949] [Server thread/ERROR] [KubeJS Server/]: rightclicks.js#4: Error in 'ItemEvents.rightClicked': dev.latvian.mods.rhino.EcmaError: TypeError: Cannot call method "includes" of undefined
[07Jul2025 00:04:32.002] [Server thread/ERROR] [KubeJS Server/]: rightclicks.js#4: Error in 'ItemEvents.rightClicked': dev.latvian.mods.rhino.EcmaError: TypeError: Cannot call method "includes" of undefined
[07Jul2025 00:04:36.103] [Server thread/ERROR] [KubeJS Server/]: rightclicks.js#4: Error in 'ItemEvents.rightClicked': dev.latvian.mods.rhino.EcmaError: TypeError: Cannot call method "includes" of undefined
[07Jul2025 00:05:24.208] [Server thread/INFO] [journeymap/]: ElJimmyy teleported to 2930.0 114.0 -1718.0 minecraft:overworld
[07Jul2025 00:05:48.597] [Server thread/INFO] [journeymap/]: ElJimmyy teleported to 2774.0 126.0 -1770.0 minecraft:overworld
[07Jul2025 00:06:33.164] [Server thread/ERROR] [KubeJS Server/]: rightclicks.js#4: Error in 'ItemEvents.rightClicked': dev.latvian.mods.rhino.EcmaError: TypeError: Cannot call method "includes" of undefined
[07Jul2025 00:06:34.618] [Server thread/ERROR] [KubeJS Server/]: rightclicks.js#4: Error in 'ItemEvents.rightClicked': dev.latvian.mods.rhino.EcmaError: TypeError: Cannot call method "includes" of undefined
[07Jul2025 00:06:34.649] [Server thread/ERROR] [KubeJS Server/]: rightclicks.js#4: Error in 'ItemEvents.rightClicked': dev.latvian.mods.rhino.EcmaError: TypeError: Cannot call method "includes" of undefined
[07Jul2025 00:06:44.904] [Server thread/INFO] [journeymap/]: ElJimmyy teleported to 2717.0 93.0 -1863.0 minecraft:overworld
[07Jul2025 00:07:00.900] [Server thread/INFO] [net.minecraft.server.MinecraftServer/]: [ElJimmyy: Teleported ElJimmyy to zetreaa]
[07Jul2025 00:07:09.647] [Server thread/ERROR] [KubeJS Server/]: rightclicks.js#4: Error in 'ItemEvents.rightClicked': dev.latvian.mods.rhino.EcmaError: TypeError: Cannot call method "includes" of undefined
[07Jul2025 00:07:11.556] [Server thread/ERROR] [KubeJS Server/]: rightclicks.js#4: Error in 'ItemEvents.rightClicked': dev.latvian.mods.rhino.EcmaError: TypeError: Cannot call method "includes" of undefined
[07Jul2025 00:07:16.044] [Server thread/ERROR] [KubeJS Server/]: rightclicks.js#4: Error in 'ItemEvents.rightClicked': dev.latvian.mods.rhino.EcmaError: TypeError: Cannot call method "includes" of undefined
[07Jul2025 00:07:17.867] [Server thread/ERROR] [KubeJS Server/]: rightclicks.js#4: Error in 'ItemEvents.rightClicked': dev.latvian.mods.rhino.EcmaError: TypeError: Cannot call method "includes" of undefined
[07Jul2025 00:07:17.868] [Server thread/ERROR] [KubeJS Server/]: rightclicks.js#4: Error in 'ItemEvents.rightClicked': dev.latvian.mods.rhino.EcmaError: TypeError: Cannot call method "includes" of undefined
[07Jul2025 00:08:15.786] [Server thread/WARN] [net.minecraft.server.MinecraftServer/]: Can't keep up! Is the server overloaded? Running 10351ms or 207 ticks behind
[07Jul2025 00:11:59.899] [Server thread/ERROR] [KubeJS Server/]: rightclicks.js#4: Error in 'ItemEvents.rightClicked': dev.latvian.mods.rhino.EcmaError: TypeError: Cannot call method "includes" of undefined
[07Jul2025 00:12:17.346] [Server thread/ERROR] [KubeJS Server/]: rightclicks.js#4: Error in 'ItemEvents.rightClicked': dev.latvian.mods.rhino.EcmaError: TypeError: Cannot call method "includes" of undefined
[07Jul2025 00:12:19.150] [Server thread/ERROR] [KubeJS Server/]: rightclicks.js#4: Error in 'ItemEvents.rightClicked': dev.latvian.mods.rhino.EcmaError: TypeError: Cannot call method "includes" of undefined
[07Jul2025 00:12:19.355] [Server thread/ERROR] [KubeJS Server/]: rightclicks.js#4: Error in 'ItemEvents.rightClicked': dev.latvian.mods.rhino.EcmaError: TypeError: Cannot call method "includes" of undefined
[07Jul2025 00:12:20.955] [Server thread/ERROR] [KubeJS Server/]: rightclicks.js#4: Error in 'ItemEvents.rightClicked': dev.latvian.mods.rhino.EcmaError: TypeError: Cannot call method "includes" of undefined
[07Jul2025 00:12:21.160] [Server thread/ERROR] [KubeJS Server/]: rightclicks.js#4: Error in 'ItemEvents.rightClicked': dev.latvian.mods.rhino.EcmaError: TypeError: Cannot call method "includes" of undefined
[07Jul2025 00:13:05.156] [Server thread/ERROR] [KubeJS Server/]: rightclicks.js#4: Error in 'ItemEvents.rightClicked': dev.latvian.mods.rhino.EcmaError: TypeError: Cannot call method "includes" of undefined
[07Jul2025 00:13:45.252] [Server thread/ERROR] [KubeJS Server/]: rightclicks.js#4: Error in 'ItemEvents.rightClicked': dev.latvian.mods.rhino.EcmaError: TypeError: Cannot call method "includes" of undefined
[07Jul2025 00:13:47.043] [Server thread/ERROR] [KubeJS Server/]: rightclicks.js#4: Error in 'ItemEvents.rightClicked': dev.latvian.mods.rhino.EcmaError: TypeError: Cannot call method "includes" of undefined
[07Jul2025 00:13:47.293] [Server thread/ERROR] [KubeJS Server/]: rightclicks.js#4: Error in 'ItemEvents.rightClicked': dev.latvian.mods.rhino.EcmaError: TypeError: Cannot call method "includes" of undefined
[07Jul2025 00:13:50.401] [Server thread/ERROR] [KubeJS Server/]: rightclicks.js#4: Error in 'ItemEvents.rightClicked': dev.latvian.mods.rhino.EcmaError: TypeError: Cannot call method "includes" of undefined
[07Jul2025 00:14:04.561] [Server thread/ERROR] [KubeJS Server/]: rightclicks.js#4: Error in 'ItemEvents.rightClicked': dev.latvian.mods.rhino.EcmaError: TypeError: Cannot call method "includes" of undefined
[07Jul2025 00:14:05.382] [Server thread/ERROR] [KubeJS Server/]: rightclicks.js#4: Error in 'ItemEvents.rightClicked': dev.latvian.mods.rhino.EcmaError: TypeError: Cannot call method "includes" of undefined
[07Jul2025 00:14:07.158] [Server thread/ERROR] [KubeJS Server/]: rightclicks.js#4: Error in 'ItemEvents.rightClicked': dev.latvian.mods.rhino.EcmaError: TypeError: Cannot call method "includes" of undefined
[07Jul2025 00:14:07.345] [Server thread/ERROR] [KubeJS Server/]: rightclicks.js#4: Error in 'ItemEvents.rightClicked': dev.latvian.mods.rhino.EcmaError: TypeError: Cannot call method "includes" of undefined
[07Jul2025 00:15:33.053] [Server thread/ERROR] [KubeJS Server/]: rightclicks.js#4: Error in 'ItemEvents.rightClicked': dev.latvian.mods.rhino.EcmaError: TypeError: Cannot call method "includes" of undefined
[07Jul2025 00:15:36.948] [Server thread/ERROR] [KubeJS Server/]: rightclicks.js#4: Error in 'ItemEvents.rightClicked': dev.latvian.mods.rhino.EcmaError: TypeError: Cannot call method "includes" of undefined
[07Jul2025 00:15:37.397] [Server thread/ERROR] [KubeJS Server/]: rightclicks.js#4: Error in 'ItemEvents.rightClicked': dev.latvian.mods.rhino.EcmaError: TypeError: Cannot call method "includes" of undefined
[07Jul2025 00:16:29.647] [Server thread/ERROR] [KubeJS Server/]: rightclicks.js#4: Error in 'ItemEvents.rightClicked': dev.latvian.mods.rhino.EcmaError: TypeError: Cannot call method "includes" of undefined
[07Jul2025 00:16:31.444] [Server thread/ERROR] [KubeJS Server/]: rightclicks.js#4: Error in 'ItemEvents.rightClicked': dev.latvian.mods.rhino.EcmaError: TypeError: Cannot call method "includes" of undefined
